Arguments: 
  /usr/local/bin/node /usr/local/bin/yarn add Core/Array

PATH: 
  /usr/local/bin:/Library/Frameworks/Python.framework/Versions/3.6/bin:/Library/Frameworks/Python.framework/Versions/2.7/bin:/Library/Frameworks/Python.framework/Versions/2.7/bin:/usr/local/bin:/usr/bin:/bin:/usr/sbin:/sbin:/opt/X11/bin:/Library/Frameworks/Python.framework/Versions/3.6/bin:/Library/Frameworks/Python.framework/Versions/2.7/bin

Yarn version: 
  0.23.2

Node version: 
  9.8.0

Platform: 
  darwin x64

npm manifest: 
  {
    "name": "scoresystem",
    "version": "1.0.0",
    "description": "",
    "main": "index.js",
    "scripts": {
      "test": "echo \"Error: no test specified\" && exit 1",
      "dev": "supervisor ./server/bin/www"
    },
    "repository": {
      "type": "git",
      "url": "git+https://github.com/ShaojieLiu/scoreSystem.git"
    },
    "keywords": [
      "score",
      "rank",
      "system"
    ],
    "author": "liushaojie",
    "license": "ISC",
    "bugs": {
      "url": "https://github.com/ShaojieLiu/scoreSystem/issues"
    },
    "homepage": "https://github.com/ShaojieLiu/scoreSystem#readme",
    "dependencies": {
      "lodash": "^4.17.10"
    }
  }

yarn manifest: 
  No manifest

Lockfile: 
  # THIS IS AN AUTOGENERATED FILE. DO NOT EDIT THIS FILE DIRECTLY.
  # yarn lockfile v1
  
  
  lodash@^4.17.10:
    version "4.17.10"
    resolved "https://registry.yarnpkg.com/lodash/-/lodash-4.17.10.tgz#1b7793cf7259ea38fb3661d4d38b3260af8ae4e7"

Trace: 
  Error: Error connecting to repository. Please, check the url.
      at /usr/local/lib/node_modules/yarn/lib/resolvers/exotics/hosted-git-resolver.js:163:15
      at Generator.next (<anonymous>)
      at step (/usr/local/lib/node_modules/yarn/node_modules/._babel-runtime@6.23.0@babel-runtime/helpers/asyncToGenerator.js:17:30)
      at /usr/local/lib/node_modules/yarn/node_modules/._babel-runtime@6.23.0@babel-runtime/helpers/asyncToGenerator.js:28:13
      at <anonymous>
      at process._tickCallback (internal/process/next_tick.js:118:7)
